
AUDIO: 
(__class__): class audio.audio_effect_data.AudioEffectData
(__delattr__): method-wrapper __delattr__ of AudioEffectData object at 0x00007FF494093090
(__dict__): _effect_id: 18312218561342170833, _track_flags: None
(__dir__): built-in method __dir__ of AudioEffectData object at 0x00007FF494093090
(__doc__): None
(__eq__): method-wrapper __eq__ of AudioEffectData object at 0x00007FF494093090
(__format__): built-in method __format__ of AudioEffectData object at 0x00007FF494093090
(__ge__): method-wrapper __ge__ of AudioEffectData object at 0x00007FF494093090
(__getattribute__): method-wrapper __getattribute__ of AudioEffectData object at 0x00007FF494093090
(__gt__): method-wrapper __gt__ of AudioEffectData object at 0x00007FF494093090
(__hash__): method-wrapper __hash__ of AudioEffectData object at 0x00007FF494093090
(__init__): bound method AudioEffectData.__init__ of audio.audio_effect_data.AudioEffectData object at 0x00007FF494093090
(__init_subclass__): built-in method __init_subclass__ of type object at 0x00007FF4B2EB7040
(__le__): method-wrapper __le__ of AudioEffectData object at 0x00007FF494093090
(__lt__): method-wrapper __lt__ of AudioEffectData object at 0x00007FF494093090
(__module__): audio.audio_effect_data
(__ne__): method-wrapper __ne__ of AudioEffectData object at 0x00007FF494093090
(__new__): built-in method __new__ of type object at 0x000000001E2FE9C0
(__reduce__): built-in method __reduce__ of AudioEffectData object at 0x00007FF494093090
(__reduce_ex__): built-in method __reduce_ex__ of AudioEffectData object at 0x00007FF494093090
(__repr__): method-wrapper __repr__ of AudioEffectData object at 0x00007FF494093090
(__setattr__): method-wrapper __setattr__ of AudioEffectData object at 0x00007FF494093090
(__sizeof__): built-in method __sizeof__ of AudioEffectData object at 0x00007FF494093090
(__str__): method-wrapper __str__ of AudioEffectData object at 0x00007FF494093090
(__subclasshook__): built-in method __subclasshook__ of type object at 0x00007FF4B2EB7040
(__weakref__): None
(_effect_id): 18312218561342170833
(_track_flags): None
(effect_id): 18312218561342170833
(track_flags): None

AUDIO: 
(__class__): class audio.audio_effect_data.AudioEffectData
(__delattr__): method-wrapper __delattr__ of AudioEffectData object at 0x00007FF49408C450
(__dict__): _effect_id: 14674845906104987668, _track_flags: None
(__dir__): built-in method __dir__ of AudioEffectData object at 0x00007FF49408C450
(__doc__): None
(__eq__): method-wrapper __eq__ of AudioEffectData object at 0x00007FF49408C450
(__format__): built-in method __format__ of AudioEffectData object at 0x00007FF49408C450
(__ge__): method-wrapper __ge__ of AudioEffectData object at 0x00007FF49408C450
(__getattribute__): method-wrapper __getattribute__ of AudioEffectData object at 0x00007FF49408C450
(__gt__): method-wrapper __gt__ of AudioEffectData object at 0x00007FF49408C450
(__hash__): method-wrapper __hash__ of AudioEffectData object at 0x00007FF49408C450
(__init__): bound method AudioEffectData.__init__ of audio.audio_effect_data.AudioEffectData object at 0x00007FF49408C450
(__init_subclass__): built-in method __init_subclass__ of type object at 0x00007FF4B2EB7040
(__le__): method-wrapper __le__ of AudioEffectData object at 0x00007FF49408C450
(__lt__): method-wrapper __lt__ of AudioEffectData object at 0x00007FF49408C450
(__module__): audio.audio_effect_data
(__ne__): method-wrapper __ne__ of AudioEffectData object at 0x00007FF49408C450
(__new__): built-in method __new__ of type object at 0x000000001E2FE9C0
(__reduce__): built-in method __reduce__ of AudioEffectData object at 0x00007FF49408C450
(__reduce_ex__): built-in method __reduce_ex__ of AudioEffectData object at 0x00007FF49408C450
(__repr__): method-wrapper __repr__ of AudioEffectData object at 0x00007FF49408C450
(__setattr__): method-wrapper __setattr__ of AudioEffectData object at 0x00007FF49408C450
(__sizeof__): built-in method __sizeof__ of AudioEffectData object at 0x00007FF49408C450
(__str__): method-wrapper __str__ of AudioEffectData object at 0x00007FF49408C450
(__subclasshook__): built-in method __subclasshook__ of type object at 0x00007FF4B2EB7040
(__weakref__): None
(_effect_id): 14674845906104987668
(_track_flags): None
(effect_id): 14674845906104987668
(track_flags): None
